170720 01:05:03 mysqld_safe Starting mysqld daemon with databases from /data/db/mysql
2017-07-20  1:05:03 139713008188488 [Note] /usr/bin/mysqld (mysqld 10.1.16-MariaDB) starting as process 318 ...
2017-07-20  1:05:03 139713008188488 [Warning] Setting lower_case_table_names=2 because file system for /data/db/mysql/ is case insensitive
2017-07-20 01:05:03 7f1178393c48 InnoDB: Warning: Using innodb_additional_mem_pool_size is DEPRECATED. This option may be removed in future releases, together with the option innodb_use_sys_malloc and with the InnoDB's internal memory allocator.
2017-07-20  1:05:03 139713008188488 [Note] InnoDB: Using mutexes to ref count buffer pool pages
2017-07-20  1:05:03 139713008188488 [Note] InnoDB: The InnoDB memory heap is disabled
2017-07-20  1:05:03 139713008188488 [Note] InnoDB: Mutexes and rw_locks use GCC atomic builtins
2017-07-20  1:05:03 139713008188488 [Note] InnoDB: Memory barrier is not used
2017-07-20  1:05:03 139713008188488 [Note] InnoDB: Compressed tables use zlib 1.2.8
2017-07-20  1:05:03 139713008188488 [Note] InnoDB: Using Linux native AIO
2017-07-20  1:05:03 139713008188488 [Note] InnoDB: Using SSE crc32 instructions
2017-07-20  1:05:03 139713008188488 [Note] InnoDB: Initializing buffer pool, size = 800.0M
2017-07-20  1:05:04 139713008188488 [Note] InnoDB: Completed initialization of buffer pool
2017-07-20  1:05:04 139713008188488 [Note] InnoDB: Highest supported file format is Barracuda.
2017-07-20  1:05:04 139713008188488 [Note] InnoDB: 128 rollback segment(s) are active.
2017-07-20  1:05:04 139713008188488 [Note] InnoDB: Waiting for purge to start
2017-07-20  1:05:04 139713008188488 [Note] InnoDB:  Percona XtraDB (http://www.percona.com) 5.6.30-76.3 started; log sequence number 1616826
2017-07-20  1:05:04 139711790713520 [Note] InnoDB: Dumping buffer pool(s) not yet started
2017-07-20  1:05:04 139713008188488 [Note] Plugin 'FEEDBACK' is disabled.
2017-07-20  1:05:04 139713008188488 [Note] Server socket created on IP: '0.0.0.0'.
2017-07-20  1:05:04 139713008188488 [Warning] 'user' entry 'root@17986c73b0e8' ignored in --skip-name-resolve mode.
2017-07-20  1:05:04 139713008188488 [Warning] 'user' entry '@17986c73b0e8' ignored in --skip-name-resolve mode.
2017-07-20  1:05:04 139713008188488 [Warning] 'proxies_priv' entry '@% root@17986c73b0e8' ignored in --skip-name-resolve mode.
2017-07-20  1:05:04 139713008188488 [Note] /usr/bin/mysqld: ready for connections.
Version: '10.1.16-MariaDB'  socket: '/var/run/mysqld/mysqld.sock'  port: 3306  MariaDB Server
2017-07-20  1:05:13 139711789738672 [Warning] 'user' entry 'root@17986c73b0e8' ignored in --skip-name-resolve mode.
2017-07-20  1:05:13 139711789738672 [Warning] 'user' entry '@17986c73b0e8' ignored in --skip-name-resolve mode.
2017-07-20  1:05:13 139711789738672 [Warning] 'proxies_priv' entry '@% root@17986c73b0e8' ignored in --skip-name-resolve mode.
2017-07-20  1:05:13 139711789738672 [Note] /usr/bin/mysqld: Normal shutdown

2017-07-20  1:05:13 139711789738672 [Note] Event Scheduler: Purging the queue. 0 events
2017-07-20  1:05:13 139711790533296 [Note] InnoDB: FTS optimize thread exiting.
2017-07-20  1:05:13 139711789738672 [Note] InnoDB: Starting shutdown...
2017-07-20  1:05:15 139711789738672 [Note] InnoDB: Shutdown completed; log sequence number 1616836
2017-07-20  1:05:15 139711789738672 [Note] /usr/bin/mysqld: Shutdown complete

170720 01:05:15 mysqld_safe mysqld from pid file /var/run/mysqld/mysqld.pid ended
170720 01:05:23 mysqld_safe Starting mysqld daemon with databases from /data/db/mysql
2017-07-20  1:05:24 140517543865416 [Note] /usr/bin/mysqld (mysqld 10.1.16-MariaDB) starting as process 545 ...
2017-07-20  1:05:24 140517543865416 [Warning] Setting lower_case_table_names=2 because file system for /data/db/mysql/ is case insensitive
2017-07-20 01:05:24 7fccca496c48 InnoDB: Warning: Using innodb_additional_mem_pool_size is DEPRECATED. This option may be removed in future releases, together with the option innodb_use_sys_malloc and with the InnoDB's internal memory allocator.
2017-07-20  1:05:24 140517543865416 [Note] InnoDB: Using mutexes to ref count buffer pool pages
2017-07-20  1:05:24 140517543865416 [Note] InnoDB: The InnoDB memory heap is disabled
2017-07-20  1:05:24 140517543865416 [Note] InnoDB: Mutexes and rw_locks use GCC atomic builtins
2017-07-20  1:05:24 140517543865416 [Note] InnoDB: Memory barrier is not used
2017-07-20  1:05:24 140517543865416 [Note] InnoDB: Compressed tables use zlib 1.2.8
2017-07-20  1:05:24 140517543865416 [Note] InnoDB: Using Linux native AIO
2017-07-20  1:05:24 140517543865416 [Note] InnoDB: Using SSE crc32 instructions
2017-07-20  1:05:24 140517543865416 [Note] InnoDB: Initializing buffer pool, size = 800.0M
2017-07-20  1:05:24 140517543865416 [Note] InnoDB: Completed initialization of buffer pool
2017-07-20  1:05:24 140517543865416 [Note] InnoDB: Highest supported file format is Barracuda.
2017-07-20  1:05:24 140517543865416 [Note] InnoDB: 128 rollback segment(s) are active.
2017-07-20  1:05:24 140517543865416 [Note] InnoDB: Waiting for purge to start
2017-07-20  1:05:24 140517543865416 [Note] InnoDB:  Percona XtraDB (http://www.percona.com) 5.6.30-76.3 started; log sequence number 1616836
2017-07-20  1:05:24 140516326390448 [Note] InnoDB: Dumping buffer pool(s) not yet started
2017-07-20  1:05:24 140517543865416 [Note] Plugin 'FEEDBACK' is disabled.
2017-07-20  1:05:24 140517543865416 [Note] Server socket created on IP: '0.0.0.0'.
2017-07-20  1:05:24 140517543865416 [Warning] 'user' entry 'root@17986c73b0e8' ignored in --skip-name-resolve mode.
2017-07-20  1:05:24 140517543865416 [Warning] 'user' entry '@17986c73b0e8' ignored in --skip-name-resolve mode.
2017-07-20  1:05:24 140517543865416 [Warning] 'proxies_priv' entry '@% root@17986c73b0e8' ignored in --skip-name-resolve mode.
2017-07-20  1:05:24 140517543865416 [Note] /usr/bin/mysqld: ready for connections.
Version: '10.1.16-MariaDB'  socket: '/var/run/mysqld/mysqld.sock'  port: 3306  MariaDB Server
