/usr/bin/mysqld, Version: 10.1.16-MariaDB (MariaDB Server). started with:
Tcp port: 3306  Unix socket: /var/run/mysqld/mysqld.sock
Time                 Id Command    Argument
170720  1:05:13	    3 Connect	root@localhost as anonymous on 
		    3 Query	select @@version_comment limit 1
		    3 Query	CREATE DATABASE IF NOT EXISTS
		    3 Quit	
		    4 Connect	root@localhost as anonymous on 
		    4 Query	select @@version_comment limit 1
		    4 Query	GRANT ALL ON *.* TO admin@'%' IDENTIFIED BY 'password' WITH GRANT OPTION
		    4 Query	GRANT ALL ON *.* TO admin@'localhost' IDENTIFIED BY 'password' WITH GRANT OPTION
		    4 Query	FLUSH PRIVILEGES
		    4 Quit	
/usr/bin/mysqld, Version: 10.1.16-MariaDB (MariaDB Server). started with:
Tcp port: 3306  Unix socket: /var/run/mysqld/mysqld.sock
Time                 Id Command    Argument
/usr/bin/mysqld, Version: 10.1.16-MariaDB (MariaDB Server). started with:
Tcp port: 3306  Unix socket: /var/run/mysqld/mysqld.sock
Time                 Id Command    Argument
/usr/bin/mysqld, Version: 10.1.16-MariaDB (MariaDB Server). started with:
Tcp port: 3306  Unix socket: /var/run/mysqld/mysqld.sock
Time                 Id Command    Argument
170726 23:51:41	    3 Connect	foo@172.18.0.1 as anonymous on 
		    3 Connect	Access denied for user 'foo'@'172.18.0.1' (using password: YES)
		    4 Connect	foo@172.18.0.1 as anonymous on 
		    4 Connect	Access denied for user 'foo'@'172.18.0.1' (using password: YES)
170726 23:51:43	    5 Connect	foo@172.18.0.1 as anonymous on 
		    5 Connect	Access denied for user 'foo'@'172.18.0.1' (using password: YES)
170726 23:51:53	    6 Connect	foo@172.18.0.1 as anonymous on 
		    6 Connect	Access denied for user 'foo'@'172.18.0.1' (using password: YES)
		    7 Connect	foo@172.18.0.1 as anonymous on 
		    7 Connect	Access denied for user 'foo'@'172.18.0.1' (using password: YES)
170726 23:51:55	    8 Connect	foo@172.18.0.1 as anonymous on 
		    8 Connect	Access denied for user 'foo'@'172.18.0.1' (using password: YES)
170726 23:53:23	    9 Connect	foo@172.18.0.1 as anonymous on 
		    9 Connect	Access denied for user 'foo'@'172.18.0.1' (using password: YES)
		   10 Connect	foo@172.18.0.1 as anonymous on 
		   10 Connect	Access denied for user 'foo'@'172.18.0.1' (using password: YES)
170726 23:53:25	   11 Connect	foo@172.18.0.1 as anonymous on 
		   11 Connect	Access denied for user 'foo'@'172.18.0.1' (using password: YES)
170726 23:54:12	   12 Connect	foo@172.18.0.1 as anonymous on 
		   12 Connect	Access denied for user 'foo'@'172.18.0.1' (using password: YES)
		   13 Connect	foo@172.18.0.1 as anonymous on 
		   13 Connect	Access denied for user 'foo'@'172.18.0.1' (using password: YES)
170726 23:54:14	   14 Connect	foo@172.18.0.1 as anonymous on 
		   14 Connect	Access denied for user 'foo'@'172.18.0.1' (using password: YES)
170726 23:54:47	   15 Connect	foo@172.18.0.1 as anonymous on 
		   15 Connect	Access denied for user 'foo'@'172.18.0.1' (using password: YES)
		   16 Connect	foo@172.18.0.1 as anonymous on 
		   16 Connect	Access denied for user 'foo'@'172.18.0.1' (using password: YES)
170726 23:54:49	   17 Connect	foo@172.18.0.1 as anonymous on 
		   17 Connect	Access denied for user 'foo'@'172.18.0.1' (using password: YES)
170727  0:02:52	   18 Connect	root@localhost as anonymous on 
		   18 Query	select @@version_comment limit 1
170727  0:04:02	   18 Query	SHOW DATABASES
170727  0:12:38	   18 Query	GRANT ALL ON *.* TO 'root'@'%' IDENTIFIED BY 'changeme'
170727  0:13:32	   18 Query	GRANT SELECT,DELETE,INSERT,UPDATE ON *.* TO 'foo'@'%' IDENTIFIED BY 'bar'
170727  0:14:49	   18 Query	FLUSH PRIVILEDGES
170727  0:15:14	   18 Query	FLUSH PRIVILEGES
170727  0:15:31	   19 Connect	root@172.18.0.1 as anonymous on 
		   19 Query	/* mysql-connector-java-5.1.40 ( Revision: 402933ef52cad9aa82624e80acbea46e3a701ce6 ) */SELECT  @@session.auto_increment_increment AS auto_increment_increment, @@character_set_client AS character_set_client, @@character_set_connection AS character_set_connection, @@character_set_results AS character_set_results, @@character_set_server AS character_set_server, @@init_connect AS init_connect, @@interactive_timeout AS interactive_timeout, @@license AS license, @@lower_case_table_names AS lower_case_table_names, @@max_allowed_packet AS max_allowed_packet, @@net_buffer_length AS net_buffer_length, @@net_write_timeout AS net_write_timeout, @@query_cache_size AS query_cache_size, @@query_cache_type AS query_cache_type, @@sql_mode AS sql_mode, @@system_time_zone AS system_time_zone, @@time_zone AS time_zone, @@tx_isolation AS tx_isolation, @@wait_timeout AS wait_timeout
		   19 Query	SET NAMES utf8
		   19 Query	SET autocommit=1
		   19 Query	SET sql_mode='NO_AUTO_CREATE_USER,NO_ENGINE_SUBSTITUTION,STRICT_TRANS_TABLES'
170727  0:15:32	   19 Quit	
170727  0:15:49	   20 Connect	root@172.18.0.1 as anonymous on 
		   20 Query	/* mysql-connector-java-5.1.40 ( Revision: 402933ef52cad9aa82624e80acbea46e3a701ce6 ) */SELECT  @@session.auto_increment_increment AS auto_increment_increment, @@character_set_client AS character_set_client, @@character_set_connection AS character_set_connection, @@character_set_results AS character_set_results, @@character_set_server AS character_set_server, @@init_connect AS init_connect, @@interactive_timeout AS interactive_timeout, @@license AS license, @@lower_case_table_names AS lower_case_table_names, @@max_allowed_packet AS max_allowed_packet, @@net_buffer_length AS net_buffer_length, @@net_write_timeout AS net_write_timeout, @@query_cache_size AS query_cache_size, @@query_cache_type AS query_cache_type, @@sql_mode AS sql_mode, @@system_time_zone AS system_time_zone, @@time_zone AS time_zone, @@tx_isolation AS tx_isolation, @@wait_timeout AS wait_timeout
		   20 Query	SET NAMES utf8
		   20 Query	SET autocommit=1
		   20 Query	SET sql_mode='NO_AUTO_CREATE_USER,NO_ENGINE_SUBSTITUTION,STRICT_TRANS_TABLES'
		   20 Query	/* ApplicationName=PhpStorm 2017.2 */ SET autocommit=1
		   20 Query	/* ApplicationName=PhpStorm 2017.2 */ select database(), schema(), left(user(),instr(concat(user(),'@'),'@')-1)
		   20 Query	/* ApplicationName=PhpStorm 2017.2 */ SET autocommit=0
170727  0:15:50	   20 Query	/* ApplicationName=PhpStorm 2017.2 */ select schema_name as name
from information_schema.schemata
order by if(schema() = schema_name, 1, 2), schema_name
		   20 Query	/* ApplicationName=PhpStorm 2017.2 */ commit
		   20 Query	/* ApplicationName=PhpStorm 2017.2 */ rollback
		   20 Query	/* ApplicationName=PhpStorm 2017.2 */ SET autocommit=1
		   20 Query	/* ApplicationName=PhpStorm 2017.2 */ SET autocommit=0
		   20 Query	/* ApplicationName=PhpStorm 2017.2 */ select schema_name as name
from information_schema.schemata
order by if(schema() = schema_name, 1, 2), schema_name
		   20 Query	/* ApplicationName=PhpStorm 2017.2 */ select table_name, table_type, table_comment
from information_schema.tables
where table_schema = 'information_schema'
		   20 Query	/* ApplicationName=PhpStorm 2017.2 */ select
ordinal_position,
column_name,
column_type,
column_default,
table_name,
column_comment,
is_nullable,
extra
from information_schema.columns
where table_schema = 'information_schema'
order by table_name, ordinal_position
		   20 Query	/* ApplicationName=PhpStorm 2017.2 */ commit
		   20 Query	/* ApplicationName=PhpStorm 2017.2 */ rollback
		   20 Query	/* ApplicationName=PhpStorm 2017.2 */ SET autocommit=1
		   20 Quit	
170727  0:17:42	   21 Connect	root@172.18.0.1 as anonymous on 
		   21 Query	/* mysql-connector-java-5.1.40 ( Revision: 402933ef52cad9aa82624e80acbea46e3a701ce6 ) */SELECT  @@session.auto_increment_increment AS auto_increment_increment, @@character_set_client AS character_set_client, @@character_set_connection AS character_set_connection, @@character_set_results AS character_set_results, @@character_set_server AS character_set_server, @@init_connect AS init_connect, @@interactive_timeout AS interactive_timeout, @@license AS license, @@lower_case_table_names AS lower_case_table_names, @@max_allowed_packet AS max_allowed_packet, @@net_buffer_length AS net_buffer_length, @@net_write_timeout AS net_write_timeout, @@query_cache_size AS query_cache_size, @@query_cache_type AS query_cache_type, @@sql_mode AS sql_mode, @@system_time_zone AS system_time_zone, @@time_zone AS time_zone, @@tx_isolation AS tx_isolation, @@wait_timeout AS wait_timeout
170727  0:17:43	   21 Query	SET NAMES utf8
		   21 Query	SET autocommit=1
		   21 Query	SET sql_mode='NO_AUTO_CREATE_USER,NO_ENGINE_SUBSTITUTION,STRICT_TRANS_TABLES'
		   21 Query	/* ApplicationName=PhpStorm 2017.2 */ SET autocommit=1
		   21 Query	/* ApplicationName=PhpStorm 2017.2 */ select database(), schema(), left(user(),instr(concat(user(),'@'),'@')-1)
		   21 Query	/* ApplicationName=PhpStorm 2017.2 */ SET autocommit=0
		   21 Query	/* ApplicationName=PhpStorm 2017.2 */ select schema_name as name
from information_schema.schemata
order by if(schema() = schema_name, 1, 2), schema_name
		   21 Query	/* ApplicationName=PhpStorm 2017.2 */ commit
		   21 Query	/* ApplicationName=PhpStorm 2017.2 */ rollback
		   21 Query	/* ApplicationName=PhpStorm 2017.2 */ SET autocommit=1
		   21 Query	/* ApplicationName=PhpStorm 2017.2 */ SET autocommit=0
		   21 Query	/* ApplicationName=PhpStorm 2017.2 */ select schema_name as name
from information_schema.schemata
order by if(schema() = schema_name, 1, 2), schema_name
		   21 Query	/* ApplicationName=PhpStorm 2017.2 */ select table_name, table_type, table_comment
from information_schema.tables
where table_schema = 'information_schema'
		   21 Query	/* ApplicationName=PhpStorm 2017.2 */ select
ordinal_position,
column_name,
column_type,
column_default,
table_name,
column_comment,
is_nullable,
extra
from information_schema.columns
where table_schema = 'information_schema'
order by table_name, ordinal_position
		   21 Query	/* ApplicationName=PhpStorm 2017.2 */ commit
		   21 Query	/* ApplicationName=PhpStorm 2017.2 */ rollback
		   21 Query	/* ApplicationName=PhpStorm 2017.2 */ SET autocommit=1
		   21 Quit	
170727  0:18:11	   22 Connect	root@172.18.0.1 as anonymous on 
		   22 Query	/* mysql-connector-java-5.1.40 ( Revision: 402933ef52cad9aa82624e80acbea46e3a701ce6 ) */SELECT  @@session.auto_increment_increment AS auto_increment_increment, @@character_set_client AS character_set_client, @@character_set_connection AS character_set_connection, @@character_set_results AS character_set_results, @@character_set_server AS character_set_server, @@init_connect AS init_connect, @@interactive_timeout AS interactive_timeout, @@license AS license, @@lower_case_table_names AS lower_case_table_names, @@max_allowed_packet AS max_allowed_packet, @@net_buffer_length AS net_buffer_length, @@net_write_timeout AS net_write_timeout, @@query_cache_size AS query_cache_size, @@query_cache_type AS query_cache_type, @@sql_mode AS sql_mode, @@system_time_zone AS system_time_zone, @@time_zone AS time_zone, @@tx_isolation AS tx_isolation, @@wait_timeout AS wait_timeout
		   22 Query	SET NAMES utf8
		   22 Query	SET autocommit=1
		   22 Query	SET sql_mode='NO_AUTO_CREATE_USER,NO_ENGINE_SUBSTITUTION,STRICT_TRANS_TABLES'
		   22 Query	/* ApplicationName=PhpStorm 2017.2 */ SET autocommit=1
		   22 Query	/* ApplicationName=PhpStorm 2017.2 */ select database(), schema(), left(user(),instr(concat(user(),'@'),'@')-1)
		   22 Query	/* ApplicationName=PhpStorm 2017.2 */ SET autocommit=0
		   22 Query	/* ApplicationName=PhpStorm 2017.2 */ select schema_name as name
from information_schema.schemata
order by if(schema() = schema_name, 1, 2), schema_name
		   22 Query	/* ApplicationName=PhpStorm 2017.2 */ commit
		   22 Query	/* ApplicationName=PhpStorm 2017.2 */ rollback
		   22 Query	/* ApplicationName=PhpStorm 2017.2 */ SET autocommit=1
		   22 Query	/* ApplicationName=PhpStorm 2017.2 */ SET autocommit=0
		   22 Query	/* ApplicationName=PhpStorm 2017.2 */ select schema_name as name
from information_schema.schemata
order by if(schema() = schema_name, 1, 2), schema_name
		   22 Query	/* ApplicationName=PhpStorm 2017.2 */ select table_name, table_type, table_comment
from information_schema.tables
where table_schema = 'information_schema'
		   22 Query	/* ApplicationName=PhpStorm 2017.2 */ select
ordinal_position,
column_name,
column_type,
column_default,
table_name,
column_comment,
is_nullable,
extra
from information_schema.columns
where table_schema = 'information_schema'
order by table_name, ordinal_position
		   22 Query	/* ApplicationName=PhpStorm 2017.2 */ commit
		   22 Query	/* ApplicationName=PhpStorm 2017.2 */ rollback
		   22 Query	/* ApplicationName=PhpStorm 2017.2 */ SET autocommit=1
		   22 Quit	
170727  0:19:06	   23 Connect	root@172.18.0.1 as anonymous on 
		   23 Query	/* mysql-connector-java-5.1.40 ( Revision: 402933ef52cad9aa82624e80acbea46e3a701ce6 ) */SELECT  @@session.auto_increment_increment AS auto_increment_increment, @@character_set_client AS character_set_client, @@character_set_connection AS character_set_connection, @@character_set_results AS character_set_results, @@character_set_server AS character_set_server, @@init_connect AS init_connect, @@interactive_timeout AS interactive_timeout, @@license AS license, @@lower_case_table_names AS lower_case_table_names, @@max_allowed_packet AS max_allowed_packet, @@net_buffer_length AS net_buffer_length, @@net_write_timeout AS net_write_timeout, @@query_cache_size AS query_cache_size, @@query_cache_type AS query_cache_type, @@sql_mode AS sql_mode, @@system_time_zone AS system_time_zone, @@time_zone AS time_zone, @@tx_isolation AS tx_isolation, @@wait_timeout AS wait_timeout
		   23 Query	SET NAMES utf8
		   23 Query	SET autocommit=1
		   23 Query	SET sql_mode='NO_AUTO_CREATE_USER,NO_ENGINE_SUBSTITUTION,STRICT_TRANS_TABLES'
		   23 Query	/* ApplicationName=PhpStorm 2017.2 */ SET autocommit=1
		   23 Query	/* ApplicationName=PhpStorm 2017.2 */ select database(), schema(), left(user(),instr(concat(user(),'@'),'@')-1)
		   23 Query	/* ApplicationName=PhpStorm 2017.2 */ SET autocommit=0
		   23 Query	/* ApplicationName=PhpStorm 2017.2 */ select schema_name as name
from information_schema.schemata
order by if(schema() = schema_name, 1, 2), schema_name
		   23 Query	/* ApplicationName=PhpStorm 2017.2 */ commit
		   23 Query	/* ApplicationName=PhpStorm 2017.2 */ rollback
		   23 Query	/* ApplicationName=PhpStorm 2017.2 */ SET autocommit=1
		   23 Quit	
170727  0:19:08	   24 Connect	root@172.18.0.1 as anonymous on 
		   24 Query	/* mysql-connector-java-5.1.40 ( Revision: 402933ef52cad9aa82624e80acbea46e3a701ce6 ) */SELECT  @@session.auto_increment_increment AS auto_increment_increment, @@character_set_client AS character_set_client, @@character_set_connection AS character_set_connection, @@character_set_results AS character_set_results, @@character_set_server AS character_set_server, @@init_connect AS init_connect, @@interactive_timeout AS interactive_timeout, @@license AS license, @@lower_case_table_names AS lower_case_table_names, @@max_allowed_packet AS max_allowed_packet, @@net_buffer_length AS net_buffer_length, @@net_write_timeout AS net_write_timeout, @@query_cache_size AS query_cache_size, @@query_cache_type AS query_cache_type, @@sql_mode AS sql_mode, @@system_time_zone AS system_time_zone, @@time_zone AS time_zone, @@tx_isolation AS tx_isolation, @@wait_timeout AS wait_timeout
		   24 Query	SET NAMES utf8
		   24 Query	SET autocommit=1
		   24 Query	SET sql_mode='NO_AUTO_CREATE_USER,NO_ENGINE_SUBSTITUTION,STRICT_TRANS_TABLES'
		   24 Query	/* ApplicationName=PhpStorm 2017.2 */ SET autocommit=1
		   24 Query	/* ApplicationName=PhpStorm 2017.2 */ select database(), schema(), left(user(),instr(concat(user(),'@'),'@')-1)
		   24 Query	/* ApplicationName=PhpStorm 2017.2 */ SET autocommit=0
		   24 Query	/* ApplicationName=PhpStorm 2017.2 */ select schema_name as name
from information_schema.schemata
order by if(schema() = schema_name, 1, 2), schema_name
		   24 Query	/* ApplicationName=PhpStorm 2017.2 */ commit
		   24 Query	/* ApplicationName=PhpStorm 2017.2 */ rollback
		   24 Query	/* ApplicationName=PhpStorm 2017.2 */ SET autocommit=1
		   24 Query	/* ApplicationName=PhpStorm 2017.2 */ SET autocommit=0
		   24 Query	/* ApplicationName=PhpStorm 2017.2 */ select schema_name as name
from information_schema.schemata
order by if(schema() = schema_name, 1, 2), schema_name
		   24 Query	/* ApplicationName=PhpStorm 2017.2 */ select table_name, table_type, table_comment
from information_schema.tables
where table_schema = 'information_schema'
		   24 Query	/* ApplicationName=PhpStorm 2017.2 */ select
ordinal_position,
column_name,
column_type,
column_default,
table_name,
column_comment,
is_nullable,
extra
from information_schema.columns
where table_schema = 'information_schema'
order by table_name, ordinal_position
		   24 Query	/* ApplicationName=PhpStorm 2017.2 */ select table_name, table_type, table_comment
from information_schema.tables
where table_schema = 'mysql'
		   24 Query	/* ApplicationName=PhpStorm 2017.2 */ select
ordinal_position,
column_name,
column_type,
column_default,
table_name,
column_comment,
is_nullable,
extra
from information_schema.columns
where table_schema = 'mysql'
order by table_name, ordinal_position
		   24 Query	/* ApplicationName=PhpStorm 2017.2 */ select
  table_name,
  index_name,
  group_concat(column_name order by seq_in_index separator '\n') as column_names,
  non_unique
from information_schema.statistics
where table_schema = 'mysql' and
      index_schema = 'mysql' and
      index_name <> 'PRIMARY'
group by
  table_catalog,
  table_schema,
  table_name,
  index_name,
  index_type,
  non_unique
		   24 Query	/* ApplicationName=PhpStorm 2017.2 */ select
 specific_name,
 routine_type,
 routine_definition,
 routine_comment,
 dtd_identifier
from information_schema.routines
where routine_schema = 'mysql'
		   24 Query	/* ApplicationName=PhpStorm 2017.2 */ select table_name from information_schema.tables
where table_schema collate utf8_general_ci = 'information_schema' and table_name collate utf8_general_ci = 'parameters'
		   24 Query	/* ApplicationName=PhpStorm 2017.2 */ select specific_name,
parameter_name,
parameter_mode,
dtd_identifier
from information_schema.parameters
where specific_schema = 'mysql' and ordinal_position > 0
order by specific_name, ordinal_position
		   24 Query	/* ApplicationName=PhpStorm 2017.2 */ select
  c.constraint_name,
  c.table_name,
  c.constraint_type,
  group_concat(u.column_name order by u.ordinal_position separator '\n' ) as column_names,
  u.referenced_table_schema,
  u.referenced_table_name,
  group_concat(u.referenced_column_name order by u.position_in_unique_constraint separator '\n') as ref_column_names,
  r.match_option,
  r.update_rule,
  r.delete_rule
from information_schema.table_constraints c
  left join information_schema.key_column_usage u on
      u.constraint_schema   = c.constraint_schema
  and u.constraint_name     = c.constraint_name
  and u.table_name = c.table_name
  and u.table_schema = 'mysql'
  and ((c.constraint_type = 'UNIQUE' and u.referenced_table_name is null) or c.constraint_type <> 'UNIQUE')
  left join information_schema.referential_constraints r on
      r.constraint_schema   = c.constraint_schema
  and r.constraint_name     = c.constraint_name
where c.table_schema = 'mysql'
  and u.table_schema = 'mysql'
group by
    c.constraint_schema
  , c.constraint_name
  , c.table_schema
  , c.table_name
  , c.constraint_type
  , u.referenced_table_schema
  , u.referenced_table_name
  , r.match_option
  , r.update_rule
  , r.delete_rule
order by
    c.table_schema
  , c.table_name
  , c.constraint_schema
  , c.constraint_name
170727  0:19:09	   24 Query	/* ApplicationName=PhpStorm 2017.2 */ select
trigger_name,
event_object_table,
event_manipulation,
action_timing
from information_schema.triggers
where trigger_schema = 'mysql'
		   24 Query	/* ApplicationName=PhpStorm 2017.2 */ select table_name, view_definition
from information_schema.views
where table_schema = 'mysql'
		   24 Query	/* ApplicationName=PhpStorm 2017.2 */ select specific_name, routine_definition
from information_schema.routines
where routine_schema = 'mysql'
		   24 Query	/* ApplicationName=PhpStorm 2017.2 */ select
trigger_name,
event_object_table,
action_statement
from information_schema.triggers
where trigger_schema = 'mysql'
		   24 Query	/* ApplicationName=PhpStorm 2017.2 */ select table_name, table_type, table_comment
from information_schema.tables
where table_schema = 'performance_schema'
		   24 Query	/* ApplicationName=PhpStorm 2017.2 */ select
ordinal_position,
column_name,
column_type,
column_default,
table_name,
column_comment,
is_nullable,
extra
from information_schema.columns
where table_schema = 'performance_schema'
order by table_name, ordinal_position
		   24 Query	/* ApplicationName=PhpStorm 2017.2 */ select
  table_name,
  index_name,
  group_concat(column_name order by seq_in_index separator '\n') as column_names,
  non_unique
from information_schema.statistics
where table_schema = 'performance_schema' and
      index_schema = 'performance_schema' and
      index_name <> 'PRIMARY'
group by
  table_catalog,
  table_schema,
  table_name,
  index_name,
  index_type,
  non_unique
		   24 Query	/* ApplicationName=PhpStorm 2017.2 */ select
 specific_name,
 routine_type,
 routine_definition,
 routine_comment,
 dtd_identifier
from information_schema.routines
where routine_schema = 'performance_schema'
		   24 Query	/* ApplicationName=PhpStorm 2017.2 */ select table_name from information_schema.tables
where table_schema collate utf8_general_ci = 'information_schema' and table_name collate utf8_general_ci = 'parameters'
		   24 Query	/* ApplicationName=PhpStorm 2017.2 */ select specific_name,
parameter_name,
parameter_mode,
dtd_identifier
from information_schema.parameters
where specific_schema = 'performance_schema' and ordinal_position > 0
order by specific_name, ordinal_position
		   24 Query	/* ApplicationName=PhpStorm 2017.2 */ select
  c.constraint_name,
  c.table_name,
  c.constraint_type,
  group_concat(u.column_name order by u.ordinal_position separator '\n' ) as column_names,
  u.referenced_table_schema,
  u.referenced_table_name,
  group_concat(u.referenced_column_name order by u.position_in_unique_constraint separator '\n') as ref_column_names,
  r.match_option,
  r.update_rule,
  r.delete_rule
from information_schema.table_constraints c
  left join information_schema.key_column_usage u on
      u.constraint_schema   = c.constraint_schema
  and u.constraint_name     = c.constraint_name
  and u.table_name = c.table_name
  and u.table_schema = 'performance_schema'
  and ((c.constraint_type = 'UNIQUE' and u.referenced_table_name is null) or c.constraint_type <> 'UNIQUE')
  left join information_schema.referential_constraints r on
      r.constraint_schema   = c.constraint_schema
  and r.constraint_name     = c.constraint_name
where c.table_schema = 'performance_schema'
  and u.table_schema = 'performance_schema'
group by
    c.constraint_schema
  , c.constraint_name
  , c.table_schema
  , c.table_name
  , c.constraint_type
  , u.referenced_table_schema
  , u.referenced_table_name
  , r.match_option
  , r.update_rule
  , r.delete_rule
order by
    c.table_schema
  , c.table_name
  , c.constraint_schema
  , c.constraint_name
		   24 Query	/* ApplicationName=PhpStorm 2017.2 */ select
trigger_name,
event_object_table,
event_manipulation,
action_timing
from information_schema.triggers
where trigger_schema = 'performance_schema'
		   24 Query	/* ApplicationName=PhpStorm 2017.2 */ select table_name, view_definition
from information_schema.views
where table_schema = 'performance_schema'
		   24 Query	/* ApplicationName=PhpStorm 2017.2 */ select specific_name, routine_definition
from information_schema.routines
where routine_schema = 'performance_schema'
		   24 Query	/* ApplicationName=PhpStorm 2017.2 */ select
trigger_name,
event_object_table,
action_statement
from information_schema.triggers
where trigger_schema = 'performance_schema'
		   24 Query	/* ApplicationName=PhpStorm 2017.2 */ select table_name, table_type, table_comment
from information_schema.tables
where table_schema = 'test'
		   24 Query	/* ApplicationName=PhpStorm 2017.2 */ select
ordinal_position,
column_name,
column_type,
column_default,
table_name,
column_comment,
is_nullable,
extra
from information_schema.columns
where table_schema = 'test'
order by table_name, ordinal_position
		   24 Query	/* ApplicationName=PhpStorm 2017.2 */ select
  table_name,
  index_name,
  group_concat(column_name order by seq_in_index separator '\n') as column_names,
  non_unique
from information_schema.statistics
where table_schema = 'test' and
      index_schema = 'test' and
      index_name <> 'PRIMARY'
group by
  table_catalog,
  table_schema,
  table_name,
  index_name,
  index_type,
  non_unique
		   24 Query	/* ApplicationName=PhpStorm 2017.2 */ select
 specific_name,
 routine_type,
 routine_definition,
 routine_comment,
 dtd_identifier
from information_schema.routines
where routine_schema = 'test'
		   24 Query	/* ApplicationName=PhpStorm 2017.2 */ select table_name from information_schema.tables
where table_schema collate utf8_general_ci = 'information_schema' and table_name collate utf8_general_ci = 'parameters'
170727  0:19:10	   24 Query	/* ApplicationName=PhpStorm 2017.2 */ select specific_name,
parameter_name,
parameter_mode,
dtd_identifier
from information_schema.parameters
where specific_schema = 'test' and ordinal_position > 0
order by specific_name, ordinal_position
		   24 Query	/* ApplicationName=PhpStorm 2017.2 */ select
  c.constraint_name,
  c.table_name,
  c.constraint_type,
  group_concat(u.column_name order by u.ordinal_position separator '\n' ) as column_names,
  u.referenced_table_schema,
  u.referenced_table_name,
  group_concat(u.referenced_column_name order by u.position_in_unique_constraint separator '\n') as ref_column_names,
  r.match_option,
  r.update_rule,
  r.delete_rule
from information_schema.table_constraints c
  left join information_schema.key_column_usage u on
      u.constraint_schema   = c.constraint_schema
  and u.constraint_name     = c.constraint_name
  and u.table_name = c.table_name
  and u.table_schema = 'test'
  and ((c.constraint_type = 'UNIQUE' and u.referenced_table_name is null) or c.constraint_type <> 'UNIQUE')
  left join information_schema.referential_constraints r on
      r.constraint_schema   = c.constraint_schema
  and r.constraint_name     = c.constraint_name
where c.table_schema = 'test'
  and u.table_schema = 'test'
group by
    c.constraint_schema
  , c.constraint_name
  , c.table_schema
  , c.table_name
  , c.constraint_type
  , u.referenced_table_schema
  , u.referenced_table_name
  , r.match_option
  , r.update_rule
  , r.delete_rule
order by
    c.table_schema
  , c.table_name
  , c.constraint_schema
  , c.constraint_name
		   24 Query	/* ApplicationName=PhpStorm 2017.2 */ select
trigger_name,
event_object_table,
event_manipulation,
action_timing
from information_schema.triggers
where trigger_schema = 'test'
		   24 Query	/* ApplicationName=PhpStorm 2017.2 */ select table_name, view_definition
from information_schema.views
where table_schema = 'test'
		   24 Query	/* ApplicationName=PhpStorm 2017.2 */ select specific_name, routine_definition
from information_schema.routines
where routine_schema = 'test'
		   24 Query	/* ApplicationName=PhpStorm 2017.2 */ select
trigger_name,
event_object_table,
action_statement
from information_schema.triggers
where trigger_schema = 'test'
		   24 Query	/* ApplicationName=PhpStorm 2017.2 */ commit
		   24 Query	/* ApplicationName=PhpStorm 2017.2 */ rollback
		   24 Query	/* ApplicationName=PhpStorm 2017.2 */ SET autocommit=1
		   24 Quit	
170727  0:19:50	   25 Connect	foo@172.18.0.1 as anonymous on 
		   25 Query	/* mysql-connector-java-5.1.40 ( Revision: 402933ef52cad9aa82624e80acbea46e3a701ce6 ) */SELECT  @@session.auto_increment_increment AS auto_increment_increment, @@character_set_client AS character_set_client, @@character_set_connection AS character_set_connection, @@character_set_results AS character_set_results, @@character_set_server AS character_set_server, @@init_connect AS init_connect, @@interactive_timeout AS interactive_timeout, @@license AS license, @@lower_case_table_names AS lower_case_table_names, @@max_allowed_packet AS max_allowed_packet, @@net_buffer_length AS net_buffer_length, @@net_write_timeout AS net_write_timeout, @@query_cache_size AS query_cache_size, @@query_cache_type AS query_cache_type, @@sql_mode AS sql_mode, @@system_time_zone AS system_time_zone, @@time_zone AS time_zone, @@tx_isolation AS tx_isolation, @@wait_timeout AS wait_timeout
		   25 Query	SET NAMES utf8
		   25 Query	SET autocommit=1
		   25 Query	SET sql_mode='NO_AUTO_CREATE_USER,NO_ENGINE_SUBSTITUTION,STRICT_TRANS_TABLES'
170727  0:19:51	   25 Quit	
170727  0:19:53	   26 Connect	foo@172.18.0.1 as anonymous on 
		   26 Query	/* mysql-connector-java-5.1.40 ( Revision: 402933ef52cad9aa82624e80acbea46e3a701ce6 ) */SELECT  @@session.auto_increment_increment AS auto_increment_increment, @@character_set_client AS character_set_client, @@character_set_connection AS character_set_connection, @@character_set_results AS character_set_results, @@character_set_server AS character_set_server, @@init_connect AS init_connect, @@interactive_timeout AS interactive_timeout, @@license AS license, @@lower_case_table_names AS lower_case_table_names, @@max_allowed_packet AS max_allowed_packet, @@net_buffer_length AS net_buffer_length, @@net_write_timeout AS net_write_timeout, @@query_cache_size AS query_cache_size, @@query_cache_type AS query_cache_type, @@sql_mode AS sql_mode, @@system_time_zone AS system_time_zone, @@time_zone AS time_zone, @@tx_isolation AS tx_isolation, @@wait_timeout AS wait_timeout
		   26 Query	SET NAMES utf8
		   26 Query	SET autocommit=1
		   26 Query	SET sql_mode='NO_AUTO_CREATE_USER,NO_ENGINE_SUBSTITUTION,STRICT_TRANS_TABLES'
		   26 Query	/* ApplicationName=PhpStorm 2017.2 */ SET autocommit=1
		   26 Query	/* ApplicationName=PhpStorm 2017.2 */ select database(), schema(), left(user(),instr(concat(user(),'@'),'@')-1)
		   26 Query	/* ApplicationName=PhpStorm 2017.2 */ SET autocommit=0
		   26 Query	/* ApplicationName=PhpStorm 2017.2 */ select schema_name as name
from information_schema.schemata
order by if(schema() = schema_name, 1, 2), schema_name
		   26 Query	/* ApplicationName=PhpStorm 2017.2 */ commit
		   26 Query	/* ApplicationName=PhpStorm 2017.2 */ rollback
		   26 Query	/* ApplicationName=PhpStorm 2017.2 */ SET autocommit=1
		   26 Query	/* ApplicationName=PhpStorm 2017.2 */ SET autocommit=0
		   26 Query	/* ApplicationName=PhpStorm 2017.2 */ select schema_name as name
from information_schema.schemata
order by if(schema() = schema_name, 1, 2), schema_name
		   26 Query	/* ApplicationName=PhpStorm 2017.2 */ select table_name, table_type, table_comment
from information_schema.tables
where table_schema = 'information_schema'
		   26 Query	/* ApplicationName=PhpStorm 2017.2 */ select
ordinal_position,
column_name,
column_type,
column_default,
table_name,
column_comment,
is_nullable,
extra
from information_schema.columns
where table_schema = 'information_schema'
order by table_name, ordinal_position
170727  0:19:54	   26 Query	/* ApplicationName=PhpStorm 2017.2 */ commit
		   26 Query	/* ApplicationName=PhpStorm 2017.2 */ rollback
		   26 Query	/* ApplicationName=PhpStorm 2017.2 */ SET autocommit=1
		   26 Quit	
170727  0:21:00	   27 Connect	root@172.18.0.1 as anonymous on 
		   27 Query	/* mysql-connector-java-5.1.40 ( Revision: 402933ef52cad9aa82624e80acbea46e3a701ce6 ) */SELECT  @@session.auto_increment_increment AS auto_increment_increment, @@character_set_client AS character_set_client, @@character_set_connection AS character_set_connection, @@character_set_results AS character_set_results, @@character_set_server AS character_set_server, @@init_connect AS init_connect, @@interactive_timeout AS interactive_timeout, @@license AS license, @@lower_case_table_names AS lower_case_table_names, @@max_allowed_packet AS max_allowed_packet, @@net_buffer_length AS net_buffer_length, @@net_write_timeout AS net_write_timeout, @@query_cache_size AS query_cache_size, @@query_cache_type AS query_cache_type, @@sql_mode AS sql_mode, @@system_time_zone AS system_time_zone, @@time_zone AS time_zone, @@tx_isolation AS tx_isolation, @@wait_timeout AS wait_timeout
		   27 Query	SET NAMES utf8
		   27 Query	SET autocommit=1
		   27 Query	SET sql_mode='NO_AUTO_CREATE_USER,NO_ENGINE_SUBSTITUTION,STRICT_TRANS_TABLES'
		   27 Query	/* ApplicationName=PhpStorm 2017.2 */ select database()
		   27 Query	/* ApplicationName=PhpStorm 2017.2 */ CREATE SCHEMA cs3620
		   27 Quit	
		   28 Connect	root@172.18.0.1 as anonymous on 
		   28 Query	/* mysql-connector-java-5.1.40 ( Revision: 402933ef52cad9aa82624e80acbea46e3a701ce6 ) */SELECT  @@session.auto_increment_increment AS auto_increment_increment, @@character_set_client AS character_set_client, @@character_set_connection AS character_set_connection, @@character_set_results AS character_set_results, @@character_set_server AS character_set_server, @@init_connect AS init_connect, @@interactive_timeout AS interactive_timeout, @@license AS license, @@lower_case_table_names AS lower_case_table_names, @@max_allowed_packet AS max_allowed_packet, @@net_buffer_length AS net_buffer_length, @@net_write_timeout AS net_write_timeout, @@query_cache_size AS query_cache_size, @@query_cache_type AS query_cache_type, @@sql_mode AS sql_mode, @@system_time_zone AS system_time_zone, @@time_zone AS time_zone, @@tx_isolation AS tx_isolation, @@wait_timeout AS wait_timeout
		   28 Query	SET NAMES utf8
		   28 Query	SET autocommit=1
		   28 Query	SET sql_mode='NO_AUTO_CREATE_USER,NO_ENGINE_SUBSTITUTION,STRICT_TRANS_TABLES'
		   28 Query	/* ApplicationName=PhpStorm 2017.2 */ SET autocommit=1
		   28 Query	/* ApplicationName=PhpStorm 2017.2 */ select database(), schema(), left(user(),instr(concat(user(),'@'),'@')-1)
		   28 Query	/* ApplicationName=PhpStorm 2017.2 */ SET autocommit=0
		   28 Query	/* ApplicationName=PhpStorm 2017.2 */ select schema_name as name
from information_schema.schemata
order by if(schema() = schema_name, 1, 2), schema_name
		   28 Query	/* ApplicationName=PhpStorm 2017.2 */ commit
		   28 Query	/* ApplicationName=PhpStorm 2017.2 */ rollback
		   28 Query	/* ApplicationName=PhpStorm 2017.2 */ SET autocommit=1
		   28 Query	/* ApplicationName=PhpStorm 2017.2 */ SET autocommit=0
		   28 Query	/* ApplicationName=PhpStorm 2017.2 */ select schema_name as name
from information_schema.schemata
order by if(schema() = schema_name, 1, 2), schema_name
		   28 Query	/* ApplicationName=PhpStorm 2017.2 */ select table_name, table_type, table_comment
from information_schema.tables
where table_schema = 'information_schema'
		   28 Query	/* ApplicationName=PhpStorm 2017.2 */ select
ordinal_position,
column_name,
column_type,
column_default,
table_name,
column_comment,
is_nullable,
extra
from information_schema.columns
where table_schema = 'information_schema'
order by table_name, ordinal_position
		   28 Query	/* ApplicationName=PhpStorm 2017.2 */ select table_name, table_type, table_comment
from information_schema.tables
where table_schema = 'mysql'
		   28 Query	/* ApplicationName=PhpStorm 2017.2 */ select
ordinal_position,
column_name,
column_type,
column_default,
table_name,
column_comment,
is_nullable,
extra
from information_schema.columns
where table_schema = 'mysql'
order by table_name, ordinal_position
		   28 Query	/* ApplicationName=PhpStorm 2017.2 */ select
  table_name,
  index_name,
  group_concat(column_name order by seq_in_index separator '\n') as column_names,
  non_unique
from information_schema.statistics
where table_schema = 'mysql' and
      index_schema = 'mysql' and
      index_name <> 'PRIMARY'
group by
  table_catalog,
  table_schema,
  table_name,
  index_name,
  index_type,
  non_unique
		   28 Query	/* ApplicationName=PhpStorm 2017.2 */ select
 specific_name,
 routine_type,
 routine_definition,
 routine_comment,
 dtd_identifier
from information_schema.routines
where routine_schema = 'mysql'
		   28 Query	/* ApplicationName=PhpStorm 2017.2 */ select table_name from information_schema.tables
where table_schema collate utf8_general_ci = 'information_schema' and table_name collate utf8_general_ci = 'parameters'
		   28 Query	/* ApplicationName=PhpStorm 2017.2 */ select specific_name,
parameter_name,
parameter_mode,
dtd_identifier
from information_schema.parameters
where specific_schema = 'mysql' and ordinal_position > 0
order by specific_name, ordinal_position
		   28 Query	/* ApplicationName=PhpStorm 2017.2 */ select
  c.constraint_name,
  c.table_name,
  c.constraint_type,
  group_concat(u.column_name order by u.ordinal_position separator '\n' ) as column_names,
  u.referenced_table_schema,
  u.referenced_table_name,
  group_concat(u.referenced_column_name order by u.position_in_unique_constraint separator '\n') as ref_column_names,
  r.match_option,
  r.update_rule,
  r.delete_rule
from information_schema.table_constraints c
  left join information_schema.key_column_usage u on
      u.constraint_schema   = c.constraint_schema
  and u.constraint_name     = c.constraint_name
  and u.table_name = c.table_name
  and u.table_schema = 'mysql'
  and ((c.constraint_type = 'UNIQUE' and u.referenced_table_name is null) or c.constraint_type <> 'UNIQUE')
  left join information_schema.referential_constraints r on
      r.constraint_schema   = c.constraint_schema
  and r.constraint_name     = c.constraint_name
where c.table_schema = 'mysql'
  and u.table_schema = 'mysql'
group by
    c.constraint_schema
  , c.constraint_name
  , c.table_schema
  , c.table_name
  , c.constraint_type
  , u.referenced_table_schema
  , u.referenced_table_name
  , r.match_option
  , r.update_rule
  , r.delete_rule
order by
    c.table_schema
  , c.table_name
  , c.constraint_schema
  , c.constraint_name
170727  0:21:01	   28 Query	/* ApplicationName=PhpStorm 2017.2 */ select
trigger_name,
event_object_table,
event_manipulation,
action_timing
from information_schema.triggers
where trigger_schema = 'mysql'
		   28 Query	/* ApplicationName=PhpStorm 2017.2 */ select table_name, view_definition
from information_schema.views
where table_schema = 'mysql'
		   28 Query	/* ApplicationName=PhpStorm 2017.2 */ select specific_name, routine_definition
from information_schema.routines
where routine_schema = 'mysql'
		   28 Query	/* ApplicationName=PhpStorm 2017.2 */ select
trigger_name,
event_object_table,
action_statement
from information_schema.triggers
where trigger_schema = 'mysql'
		   28 Query	/* ApplicationName=PhpStorm 2017.2 */ select table_name, table_type, table_comment
from information_schema.tables
where table_schema = 'performance_schema'
		   28 Query	/* ApplicationName=PhpStorm 2017.2 */ select
ordinal_position,
column_name,
column_type,
column_default,
table_name,
column_comment,
is_nullable,
extra
from information_schema.columns
where table_schema = 'performance_schema'
order by table_name, ordinal_position
		   28 Query	/* ApplicationName=PhpStorm 2017.2 */ select
  table_name,
  index_name,
  group_concat(column_name order by seq_in_index separator '\n') as column_names,
  non_unique
from information_schema.statistics
where table_schema = 'performance_schema' and
      index_schema = 'performance_schema' and
      index_name <> 'PRIMARY'
group by
  table_catalog,
  table_schema,
  table_name,
  index_name,
  index_type,
  non_unique
		   28 Query	/* ApplicationName=PhpStorm 2017.2 */ select
 specific_name,
 routine_type,
 routine_definition,
 routine_comment,
 dtd_identifier
from information_schema.routines
where routine_schema = 'performance_schema'
		   28 Query	/* ApplicationName=PhpStorm 2017.2 */ select table_name from information_schema.tables
where table_schema collate utf8_general_ci = 'information_schema' and table_name collate utf8_general_ci = 'parameters'
		   28 Query	/* ApplicationName=PhpStorm 2017.2 */ select specific_name,
parameter_name,
parameter_mode,
dtd_identifier
from information_schema.parameters
where specific_schema = 'performance_schema' and ordinal_position > 0
order by specific_name, ordinal_position
		   28 Query	/* ApplicationName=PhpStorm 2017.2 */ select
  c.constraint_name,
  c.table_name,
  c.constraint_type,
  group_concat(u.column_name order by u.ordinal_position separator '\n' ) as column_names,
  u.referenced_table_schema,
  u.referenced_table_name,
  group_concat(u.referenced_column_name order by u.position_in_unique_constraint separator '\n') as ref_column_names,
  r.match_option,
  r.update_rule,
  r.delete_rule
from information_schema.table_constraints c
  left join information_schema.key_column_usage u on
      u.constraint_schema   = c.constraint_schema
  and u.constraint_name     = c.constraint_name
  and u.table_name = c.table_name
  and u.table_schema = 'performance_schema'
  and ((c.constraint_type = 'UNIQUE' and u.referenced_table_name is null) or c.constraint_type <> 'UNIQUE')
  left join information_schema.referential_constraints r on
      r.constraint_schema   = c.constraint_schema
  and r.constraint_name     = c.constraint_name
where c.table_schema = 'performance_schema'
  and u.table_schema = 'performance_schema'
group by
    c.constraint_schema
  , c.constraint_name
  , c.table_schema
  , c.table_name
  , c.constraint_type
  , u.referenced_table_schema
  , u.referenced_table_name
  , r.match_option
  , r.update_rule
  , r.delete_rule
order by
    c.table_schema
  , c.table_name
  , c.constraint_schema
  , c.constraint_name
		   28 Query	/* ApplicationName=PhpStorm 2017.2 */ select
trigger_name,
event_object_table,
event_manipulation,
action_timing
from information_schema.triggers
where trigger_schema = 'performance_schema'
		   28 Query	/* ApplicationName=PhpStorm 2017.2 */ select table_name, view_definition
from information_schema.views
where table_schema = 'performance_schema'
		   28 Query	/* ApplicationName=PhpStorm 2017.2 */ select specific_name, routine_definition
from information_schema.routines
where routine_schema = 'performance_schema'
		   28 Query	/* ApplicationName=PhpStorm 2017.2 */ select
trigger_name,
event_object_table,
action_statement
from information_schema.triggers
where trigger_schema = 'performance_schema'
		   28 Query	/* ApplicationName=PhpStorm 2017.2 */ select table_name, table_type, table_comment
from information_schema.tables
where table_schema = 'test'
		   28 Query	/* ApplicationName=PhpStorm 2017.2 */ select
ordinal_position,
column_name,
column_type,
column_default,
table_name,
column_comment,
is_nullable,
extra
from information_schema.columns
where table_schema = 'test'
order by table_name, ordinal_position
		   28 Query	/* ApplicationName=PhpStorm 2017.2 */ select
  table_name,
  index_name,
  group_concat(column_name order by seq_in_index separator '\n') as column_names,
  non_unique
from information_schema.statistics
where table_schema = 'test' and
      index_schema = 'test' and
      index_name <> 'PRIMARY'
group by
  table_catalog,
  table_schema,
  table_name,
  index_name,
  index_type,
  non_unique
		   28 Query	/* ApplicationName=PhpStorm 2017.2 */ select
 specific_name,
 routine_type,
 routine_definition,
 routine_comment,
 dtd_identifier
from information_schema.routines
where routine_schema = 'test'
		   28 Query	/* ApplicationName=PhpStorm 2017.2 */ select table_name from information_schema.tables
where table_schema collate utf8_general_ci = 'information_schema' and table_name collate utf8_general_ci = 'parameters'
170727  0:21:02	   28 Query	/* ApplicationName=PhpStorm 2017.2 */ select specific_name,
parameter_name,
parameter_mode,
dtd_identifier
from information_schema.parameters
where specific_schema = 'test' and ordinal_position > 0
order by specific_name, ordinal_position
		   28 Query	/* ApplicationName=PhpStorm 2017.2 */ select
  c.constraint_name,
  c.table_name,
  c.constraint_type,
  group_concat(u.column_name order by u.ordinal_position separator '\n' ) as column_names,
  u.referenced_table_schema,
  u.referenced_table_name,
  group_concat(u.referenced_column_name order by u.position_in_unique_constraint separator '\n') as ref_column_names,
  r.match_option,
  r.update_rule,
  r.delete_rule
from information_schema.table_constraints c
  left join information_schema.key_column_usage u on
      u.constraint_schema   = c.constraint_schema
  and u.constraint_name     = c.constraint_name
  and u.table_name = c.table_name
  and u.table_schema = 'test'
  and ((c.constraint_type = 'UNIQUE' and u.referenced_table_name is null) or c.constraint_type <> 'UNIQUE')
  left join information_schema.referential_constraints r on
      r.constraint_schema   = c.constraint_schema
  and r.constraint_name     = c.constraint_name
where c.table_schema = 'test'
  and u.table_schema = 'test'
group by
    c.constraint_schema
  , c.constraint_name
  , c.table_schema
  , c.table_name
  , c.constraint_type
  , u.referenced_table_schema
  , u.referenced_table_name
  , r.match_option
  , r.update_rule
  , r.delete_rule
order by
    c.table_schema
  , c.table_name
  , c.constraint_schema
  , c.constraint_name
		   28 Query	/* ApplicationName=PhpStorm 2017.2 */ select
trigger_name,
event_object_table,
event_manipulation,
action_timing
from information_schema.triggers
where trigger_schema = 'test'
		   28 Query	/* ApplicationName=PhpStorm 2017.2 */ select table_name, view_definition
from information_schema.views
where table_schema = 'test'
		   28 Query	/* ApplicationName=PhpStorm 2017.2 */ select specific_name, routine_definition
from information_schema.routines
where routine_schema = 'test'
		   28 Query	/* ApplicationName=PhpStorm 2017.2 */ select
trigger_name,
event_object_table,
action_statement
from information_schema.triggers
where trigger_schema = 'test'
		   28 Query	/* ApplicationName=PhpStorm 2017.2 */ select table_name, table_type, table_comment
from information_schema.tables
where table_schema = 'cs3620'
		   28 Query	/* ApplicationName=PhpStorm 2017.2 */ select
ordinal_position,
column_name,
column_type,
column_default,
table_name,
column_comment,
is_nullable,
extra
from information_schema.columns
where table_schema = 'cs3620'
order by table_name, ordinal_position
		   28 Query	/* ApplicationName=PhpStorm 2017.2 */ select
  table_name,
  index_name,
  group_concat(column_name order by seq_in_index separator '\n') as column_names,
  non_unique
from information_schema.statistics
where table_schema = 'cs3620' and
      index_schema = 'cs3620' and
      index_name <> 'PRIMARY'
group by
  table_catalog,
  table_schema,
  table_name,
  index_name,
  index_type,
  non_unique
		   28 Query	/* ApplicationName=PhpStorm 2017.2 */ select
 specific_name,
 routine_type,
 routine_definition,
 routine_comment,
 dtd_identifier
from information_schema.routines
where routine_schema = 'cs3620'
		   28 Query	/* ApplicationName=PhpStorm 2017.2 */ select table_name from information_schema.tables
where table_schema collate utf8_general_ci = 'information_schema' and table_name collate utf8_general_ci = 'parameters'
		   28 Query	/* ApplicationName=PhpStorm 2017.2 */ select specific_name,
parameter_name,
parameter_mode,
dtd_identifier
from information_schema.parameters
where specific_schema = 'cs3620' and ordinal_position > 0
order by specific_name, ordinal_position
		   28 Query	/* ApplicationName=PhpStorm 2017.2 */ select
  c.constraint_name,
  c.table_name,
  c.constraint_type,
  group_concat(u.column_name order by u.ordinal_position separator '\n' ) as column_names,
  u.referenced_table_schema,
  u.referenced_table_name,
  group_concat(u.referenced_column_name order by u.position_in_unique_constraint separator '\n') as ref_column_names,
  r.match_option,
  r.update_rule,
  r.delete_rule
from information_schema.table_constraints c
  left join information_schema.key_column_usage u on
      u.constraint_schema   = c.constraint_schema
  and u.constraint_name     = c.constraint_name
  and u.table_name = c.table_name
  and u.table_schema = 'cs3620'
  and ((c.constraint_type = 'UNIQUE' and u.referenced_table_name is null) or c.constraint_type <> 'UNIQUE')
  left join information_schema.referential_constraints r on
      r.constraint_schema   = c.constraint_schema
  and r.constraint_name     = c.constraint_name
where c.table_schema = 'cs3620'
  and u.table_schema = 'cs3620'
group by
    c.constraint_schema
  , c.constraint_name
  , c.table_schema
  , c.table_name
  , c.constraint_type
  , u.referenced_table_schema
  , u.referenced_table_name
  , r.match_option
  , r.update_rule
  , r.delete_rule
order by
    c.table_schema
  , c.table_name
  , c.constraint_schema
  , c.constraint_name
		   28 Query	/* ApplicationName=PhpStorm 2017.2 */ select
trigger_name,
event_object_table,
event_manipulation,
action_timing
from information_schema.triggers
where trigger_schema = 'cs3620'
		   28 Query	/* ApplicationName=PhpStorm 2017.2 */ select table_name, view_definition
from information_schema.views
where table_schema = 'cs3620'
		   28 Query	/* ApplicationName=PhpStorm 2017.2 */ select specific_name, routine_definition
from information_schema.routines
where routine_schema = 'cs3620'
		   28 Query	/* ApplicationName=PhpStorm 2017.2 */ select
trigger_name,
event_object_table,
action_statement
from information_schema.triggers
where trigger_schema = 'cs3620'
		   28 Query	/* ApplicationName=PhpStorm 2017.2 */ commit
		   28 Query	/* ApplicationName=PhpStorm 2017.2 */ rollback
		   28 Query	/* ApplicationName=PhpStorm 2017.2 */ SET autocommit=1
		   28 Quit	
